[    0.000000] Initializing cgroup subsys cpuset
[    0.000000] Initializing cgroup subsys cpu
[    0.000000] Initializing cgroup subsys cpuacct
[    0.000000] Linux version 4.4.0-210-generic (buildd@lgw01-amd64-037) (gcc version 5.4.0 20160609 (Ubuntu 5.4.0-6ubuntu1~16.04.12) ) #242-Ubuntu SMP Fri Apr 16 09:57:00 UTC 2021 (Ubuntu 4.4.0-210.242-generic 4.4.262)
[    0.000000] KERNEL supported cpus:
[    0.000000]   Intel GenuineIntel
[    0.000000]   AMD AuthenticAMD
[    0.000000]   NSC Geode by NSC
[    0.000000]   Cyrix CyrixInstead
[    0.000000]   Centaur CentaurHauls
[    0.000000]   Transmeta GenuineTMx86
[    0.000000]   Transmeta TransmetaCPU
[    0.000000]   UMC UMC UMC UMC
[    0.000000] [Firmware Bug]: TSC doesn't count with P0 frequency!
[    0.000000] x86/fpu: xstate_offset[2]:  576, xstate_sizes[2]:  256
[    0.000000] x86/fpu: Supporting XSAVE feature 0x01: 'x87 floating point registers'
[    0.000000] x86/fpu: Supporting XSAVE feature 0x02: 'SSE registers'
[    0.000000] x86/fpu: Supporting XSAVE feature 0x04: 'AVX registers'
[    0.000000] x86/fpu: Enabled xstate features 0x7, context size is 832 bytes, using 'standard' format.
[    0.000000] e820: BIOS-provided physical RAM map:
[    0.000000] BIOS-e820: [mem 0x0000000000000000-0x000000000009fbff] usable
[    0.000000] BIOS-e820: [mem 0x000000000009fc00-0x000000000009ffff] reserved
[    0.000000] BIOS-e820: [mem 0x00000000000f0000-0x00000000000fffff] reserved
[    0.000000] BIOS-e820: [mem 0x0000000000100000-0x000000003ffeffff] usable
[    0.000000] BIOS-e820: [mem 0x000000003fff0000-0x000000003fffffff] ACPI data
[    0.000000] BIOS-e820: [mem 0x00000000fec00000-0x00000000fec00fff] reserved
[    0.000000] BIOS-e820: [mem 0x00000000fee00000-0x00000000fee00fff] reserved
[    0.000000] BIOS-e820: [mem 0x00000000fffc0000-0x00000000ffffffff] reserved
[    0.000000] NX (Execute Disable) protection: active
[    0.000000] SMBIOS 2.5 present.
[    0.000000] Hypervisor detected: KVM
[    0.000000] e820: last_pfn = 0x3fff0 max_arch_pfn = 0x1000000
[    0.000000] MTRR: Disabled
[    0.000000] x86/PAT: MTRRs disabled, skipping PAT initialization too.
[    0.000000] CPU MTRRs all blank - virtualized system.
[    0.000000] x86/PAT: Configuration [0-7]: WB  WT  UC- UC  WB  WT  UC- UC  
[    0.000000] found SMP MP-table at [mem 0x0009fff0-0x0009ffff] mapped at [c009fff0]
[    0.000000] Scanning 1 areas for low memory corruption
[    0.000000] RAMDISK: [mem 0x36256000-0x37122fff]
[    0.000000] ACPI: Early table checksum verification disabled
[    0.000000] ACPI: RSDP 0x00000000000E0000 000024 (v02 VBOX  )
[    0.000000] ACPI: XSDT 0x000000003FFF0030 00003C (v01 VBOX   VBOXXSDT 00000001 ASL  00000061)
[    0.000000] ACPI: FACP 0x000000003FFF00F0 0000F4 (v04 VBOX   VBOXFACP 00000001 ASL  00000061)
[    0.000000] ACPI: DSDT 0x000000003FFF0470 002325 (v02 VBOX   VBOXBIOS 00000002 INTL 20190509)
[    0.000000] ACPI: FACS 0x000000003FFF0200 000040
[    0.000000] ACPI: FACS 0x000000003FFF0200 000040
[    0.000000] ACPI: APIC 0x000000003FFF0240 00005C (v02 VBOX   VBOXAPIC 00000001 ASL  00000061)
[    0.000000] ACPI: SSDT 0x000000003FFF02A0 0001CC (v01 VBOX   VBOXCPUT 00000002 INTL 20190509)
[    0.000000] 131MB HIGHMEM available.
[    0.000000] 891MB LOWMEM available.
[    0.000000]   mapped low ram: 0 - 37bfe000
[    0.000000]   low ram: 0 - 37bfe000
[    0.000000] kvm-clock: Using msrs 4b564d01 and 4b564d00
[    0.000000] kvm-clock: cpu 0, msr 0:37bfd001, primary cpu clock
[    0.000000] kvm-clock: using sched offset of 2949731173 cycles
[    0.000000] clocksource: kvm-clock: mask: 0xffffffffffffffff max_cycles: 0x1cd42e4dffb, max_idle_ns: 881590591483 ns
[    0.000000] Zone ranges:
[    0.000000]   DMA      [mem 0x0000000000001000-0x0000000000ffffff]
[    0.000000]   Normal   [mem 0x0000000001000000-0x0000000037bfdfff]
[    0.000000]   HighMem  [mem 0x0000000037bfe000-0x000000003ffeffff]
[    0.000000] Movable zone start for each node
[    0.000000] Early memory node ranges
[    0.000000]   node   0: [mem 0x0000000000001000-0x000000000009efff]
[    0.000000]   node   0: [mem 0x0000000000100000-0x000000003ffeffff]
[    0.000000] Initmem setup node 0 [mem 0x0000000000001000-0x000000003ffeffff]
[    0.000000] Using APIC driver default
[    0.000000] ACPI: PM-Timer IO Port: 0x4008
[    0.000000] IOAPIC[0]: apic_id 2, version 32, address 0xfec00000, GSI 0-23
[    0.000000] ACPI: INT_SRC_OVR (bus 0 bus_irq 0 global_irq 2 dfl dfl)
[    0.000000] ACPI: INT_SRC_OVR (bus 0 bus_irq 9 global_irq 9 low level)
[    0.000000] Using ACPI (MADT) for SMP configuration information
[    0.000000] smpboot: Allowing 2 CPUs, 0 hotplug CPUs
[    0.000000] PM: Registered nosave memory: [mem 0x00000000-0x00000fff]
[    0.000000] PM: Registered nosave memory: [mem 0x0009f000-0x0009ffff]
[    0.000000] PM: Registered nosave memory: [mem 0x000a0000-0x000effff]
[    0.000000] PM: Registered nosave memory: [mem 0x000f0000-0x000fffff]
[    0.000000] e820: [mem 0x40000000-0xfebfffff] available for PCI devices
[    0.000000] Booting paravirtualized kernel on KVM
[    0.000000] clocksource: refined-jiffies: mask: 0xffffffff max_cycles: 0xffffffff, max_idle_ns: 7645519600211568 ns
[    0.000000] setup_percpu: NR_CPUS:8 nr_cpumask_bits:8 nr_cpu_ids:2 nr_node_ids:1
[    0.000000] PERCPU: Embedded 18 pages/cpu @f71b2000 s42956 r0 d30772 u73728
[    0.000000] Built 1 zonelists in Zone order, mobility grouping on.  Total pages: 259800
[    0.000000] Kernel command line: BOOT_IMAGE=/boot/vmlinuz-4.4.0-210-generic root=LABEL=cloudimg-rootfs ro console=tty1 console=ttyS0
[    0.000000] PID hash table entries: 4096 (order: 2, 16384 bytes)
[    0.000000] Dentry cache hash table entries: 131072 (order: 7, 524288 bytes)
[    0.000000] Inode-cache hash table entries: 65536 (order: 6, 262144 bytes)
[    0.000000] Initializing CPU#0
[    0.000000] Initializing HighMem for node 0 (00037bfe:0003fff0)
[    0.000000] Initializing Movable for node 0 (00000000:00000000)
[    0.000000] Memory: 1007596K/1048120K available (8151K kernel code, 787K rwdata, 3216K rodata, 944K init, 724K bss, 40524K reserved, 0K cma-reserved, 135112K highmem)
[    0.000000] virtual kernel memory layout:
[    0.000000]     fixmap  : 0xfff15000 - 0xfffff000   ( 936 kB)
[    0.000000]     pkmap   : 0xffc00000 - 0xffe00000   (2048 kB)
[    0.000000]     vmalloc : 0xf83fe000 - 0xffbfe000   ( 120 MB)
[    0.000000]     lowmem  : 0xc0000000 - 0xf7bfe000   ( 891 MB)
[    0.000000]       .init : 0xc1be2000 - 0xc1cce000   ( 944 kB)
[    0.000000]       .data : 0xc17f61b8 - 0xc1be0d40   (4010 kB)
[    0.000000]       .text : 0xc1000000 - 0xc17f61b8   (8152 kB)
[    0.000000] Checking if this processor honours the WP bit even in supervisor mode...Ok.
[    0.000000] SLUB: HWalign=64, Order=0-3, MinObjects=0, CPUs=2, Nodes=1
[    0.000000] Hierarchical RCU implementation.
[    0.000000] 	Build-time adjustment of leaf fanout to 32.
[    0.000000] 	RCU restricting CPUs from NR_CPUS=8 to nr_cpu_ids=2.
[    0.000000] RCU: Adjusting geometry for rcu_fanout_leaf=32, nr_cpu_ids=2
[    0.000000] NR_IRQS:2304 nr_irqs:440 16
[    0.000000] Console: colour VGA+ 80x25
[    0.000000] console [tty1] enabled
[    0.000000] console [ttyS0] enabled
[    0.000000] allocated 1048576 bytes of page_ext
[    0.000000] tsc: Detected 2096.122 MHz processor
[    0.106201] Calibrating delay loop (skipped) preset value.. 4192.24 BogoMIPS (lpj=8384488)
[    0.107266] pid_max: default: 32768 minimum: 301
[    0.107860] ACPI: Core revision 20150930
[    0.109059] ACPI: 2 ACPI AML tables successfully acquired and loaded
[    0.109928] Security Framework initialized
[    0.110448] Yama: becoming mindful.
[    0.110929] AppArmor: AppArmor initialized
[    0.111476] Mount-cache hash table entries: 2048 (order: 1, 8192 bytes)
[    0.112254] Mountpoint-cache hash table entries: 2048 (order: 1, 8192 bytes)
[    0.113226] Initializing cgroup subsys io
[    0.113782] Initializing cgroup subsys memory
[    0.114334] Initializing cgroup subsys devices
[    0.114879] Initializing cgroup subsys freezer
[    0.115447] Initializing cgroup subsys net_cls
[    0.116001] Initializing cgroup subsys perf_event
[    0.116579] Initializing cgroup subsys net_prio
[    0.117181] Initializing cgroup subsys hugetlb
[    0.117753] Initializing cgroup subsys pids
[    0.125302] mce: CPU supports 0 MCE banks
[    0.125877] Last level iTLB entries: 4KB 1024, 2MB 1024, 4MB 512
[    0.126593] Last level dTLB entries: 4KB 2048, 2MB 2048, 4MB 1024, 1GB 0
[    0.127360] Spectre V1 : Mitigation: usercopy/swapgs barriers and __user pointer sanitization
[    0.128454] Spectre V2 : Spectre mitigation: LFENCE not serializing, switching to generic retpoline
[    0.129614] Spectre V2 : Mitigation: Full generic retpoline
[    0.130280] Spectre V2 : Spectre v2 / SpectreRSB mitigation: Filling RSB on context switch
[    0.133538] Freeing SMP alternatives memory: 36K
[    0.137742] ftrace: allocating 31668 entries in 62 pages
[    0.182152] smpboot: APIC(0) Converting physical 0 to logical package 0
[    0.182975] smpboot: Max logical packages: 1
[    0.183545] Enabling APIC mode:  Flat.  Using 1 I/O APICs
[    0.184985] ..TIMER: vector=0x30 apic1=0 pin1=2 apic2=-1 pin2=-1
[    0.293822] smpboot: CPU0: AMD Ryzen 5 5500U with Radeon Graphics (family: 0x17, model: 0x68, stepping: 0x1)
[    0.295227] Performance Events: Broken PMU hardware detected, using software events only.
[    0.296328] Failed to access perfctr msr (MSR c0010007 is 0)
[    0.302648] KVM setup paravirtual spinlock
[    0.303822] x86: Booting SMP configuration:
[    0.304391] .... node  #0, CPUs:      #1
[1266874886.759820] Initializing CPU#1
[    0.305399] kvm-clock: cpu 1, msr 0:37bfd041, secondary cpu clock
[    0.312430] mce: CPU supports 0 MCE banks
[    0.314836] TSC synchronization [CPU#0 -> CPU#1]:
[    0.315524] Measured 189 cycles TSC warp between CPUs, turning off TSC clock.
[    0.316405] tsc: Marking TSC unstable due to check_tsc_sync_source failed
[    0.317360] x86: Booted up 1 node, 2 CPUs
[    0.317934] smpboot: Total of 2 processors activated (8384.48 BogoMIPS)
[    0.180115] devtmpfs: initialized
[    0.180597] evm: security.selinux
[    0.181055] evm: security.SMACK64
[    0.181509] evm: security.SMACK64EXEC
[    0.182155] evm: security.SMACK64TRANSMUTE
[    0.182682] evm: security.SMACK64MMAP
[    0.184012] evm: security.ima
[    0.184430] evm: security.capability
[    0.184929] clocksource: jiffies: mask: 0xffffffff max_cycles: 0xffffffff, max_idle_ns: 7645041785100000 ns
[    0.185358] futex hash table entries: 512 (order: 3, 32768 bytes)
[    0.186229] pinctrl core: initialized pinctrl subsystem
[    0.188083] RTC time: 18:26:29, date: 03/30/23
[    0.188800] NET: Registered protocol family 16
[    0.189438] EISA bus registered
[    0.204020] cpuidle: using governor ladder
[    0.216021] cpuidle: using governor menu
[    0.217623] PCCT header not found.
[    0.219242] ACPI: bus type PCI registered
[    0.220045] acpiphp: ACPI Hot Plug PCI Controller Driver version: 0.5
[    0.221923] PCI : PCI BIOS area is rw and x. Use pci=nobios if you want it NX.
[    0.224005] PCI: PCI BIOS revision 2.10 entry at 0xfda26, last bus=0
[    0.224767] PCI: Using configuration type 1 for base access
[    0.225504] PCI: Using configuration type 1 for extended access
[    0.236159] ACPI: Added _OSI(Module Device)
[    0.236888] ACPI: Added _OSI(Processor Device)
[    0.237733] ACPI: Added _OSI(3.0 _SCP Extensions)
[    0.240006] ACPI: Added _OSI(Processor Aggregator Device)
[    0.244353] ACPI: Executed 1 blocks of module-level executable AML code
[    0.246593] ACPI: Interpreter enabled
[    0.247170] ACPI: (supports S0 S5)
[    0.248003] ACPI: Using IOAPIC for interrupt routing
[    0.248802] PCI: Using host bridge windows from ACPI; if necessary, use "pci=nocrs" and report a bug
[    0.253274] ACPI: PCI Root Bridge [PCI0] (domain 0000 [bus 00-ff])
[    0.254075] acpi PNP0A03:00: _OSC: OS supports [ExtendedConfig ASPM ClockPM Segments MSI]
[    0.255593] acpi PNP0A03:00: _OSC: platform does not support [PCIeCapability]
[    0.256215] acpi PNP0A03:00: _OSC: not requesting control; platform does not support [PCIeCapability]
[    0.257430] acpi PNP0A03:00: _OSC: OS requested [PCIeHotplug PME AER PCIeCapability]
[    0.258476] acpi PNP0A03:00: _OSC: platform willing to grant [PCIeHotplug PME AER]
[    0.260003] acpi PNP0A03:00: _OSC failed (AE_SUPPORT); disabling ASPM
[    0.260998] PCI host bridge to bus 0000:00
[    0.261548] pci_bus 0000:00: root bus resource [io  0x0000-0x0cf7 window]
[    0.262402] pci_bus 0000:00: root bus resource [io  0x0d00-0xffff window]
[    0.264003] pci_bus 0000:00: root bus resource [mem 0x000a0000-0x000bffff window]
[    0.265036] pci_bus 0000:00: root bus resource [mem 0x40000000-0xfdffffff window]
[    0.266119] pci_bus 0000:00: root bus resource [bus 00-ff]
[    0.268419] pci 0000:00:01.1: legacy IDE quirk: reg 0x10: [io  0x01f0-0x01f7]
[    0.269298] pci 0000:00:01.1: legacy IDE quirk: reg 0x14: [io  0x03f6]
[    0.270085] pci 0000:00:01.1: legacy IDE quirk: reg 0x18: [io  0x0170-0x0177]
[    0.270975] pci 0000:00:01.1: legacy IDE quirk: reg 0x1c: [io  0x0376]
[    0.284808] pci 0000:00:07.0: quirk: [io  0x4000-0x403f] claimed by PIIX4 ACPI
[    0.285776] pci 0000:00:07.0: quirk: [io  0x4100-0x410f] claimed by PIIX4 SMB
[    0.292738] ACPI: PCI Interrupt Link [LNKA] (IRQs 5 9 10 *11)
[    0.293785] ACPI: PCI Interrupt Link [LNKB] (IRQs 5 9 *10 11)
[    0.294729] ACPI: PCI Interrupt Link [LNKC] (IRQs 5 *9 10 11)
[    0.296034] ACPI: PCI Interrupt Link [LNKD] (IRQs 5 9 10 *11)
[    0.297006] ACPI: Enabled 2 GPEs in block 00 to 07
[    0.297774] vgaarb: setting as boot device: PCI:0000:00:02.0
[    0.297774] vgaarb: device added: PCI:0000:00:02.0,decodes=io+mem,owns=io+mem,locks=none
[    0.297774] vgaarb: loaded
[    0.300003] vgaarb: bridge control possible 0000:00:02.0
[    0.300838] SCSI subsystem initialized
[    0.301353] ACPI: bus type USB registered
[    0.301353] usbcore: registered new interface driver usbfs
[    0.304010] usbcore: registered new interface driver hub
[    0.304786] usbcore: registered new device driver usb
[    0.305637] PCI: Using ACPI for IRQ routing
[    0.305637] NetLabel: Initializing
[    0.305637] NetLabel:  domain hash size = 128
[    0.308002] NetLabel:  protocols = UNLABELED CIPSOv4
[    0.308719] NetLabel:  unlabeled traffic allowed by default
[    0.309495] amd_nb: Cannot enumerate AMD northbridges
[    0.309495] clocksource: Switched to clocksource kvm-clock
[    0.312896] AppArmor: AppArmor Filesystem Enabled
[    0.312896] pnp: PnP ACPI init
[    0.312896] pnp: PnP ACPI: found 3 devices
[    0.312896] PnPBIOS: Disabled by ACPI PNP
[    0.355819] clocksource: acpi_pm: mask: 0xffffff max_cycles: 0xffffff, max_idle_ns: 2085701024 ns
[    0.356033] NET: Registered protocol family 2
[    0.357501] TCP established hash table entries: 8192 (order: 3, 32768 bytes)
[    0.358187] TCP bind hash table entries: 8192 (order: 4, 65536 bytes)
[    0.358830] TCP: Hash tables configured (established 8192 bind 8192)
[    0.359496] UDP hash table entries: 512 (order: 2, 16384 bytes)
[    0.360118] UDP-Lite hash table entries: 512 (order: 2, 16384 bytes)
[    0.360793] NET: Registered protocol family 1
[    0.361310] pci 0000:00:00.0: Limiting direct PCI/PCI transfers
[    0.361903] pci 0000:00:01.0: Activating ISA DMA hang workarounds
[    0.363287] Unpacking initramfs...
[    0.364109] Freeing initrd memory: 15156K
[    0.364109] clocksource: tsc: mask: 0xffffffffffffffff max_cycles: 0x1e36e123331, max_idle_ns: 440795247838 ns
[    0.364109] platform rtc_cmos: registered platform RTC device (no PNP device found)
[    0.364109] Scanning for low memory corruption every 60 seconds
[    0.579504] audit: initializing netlink subsys (disabled)
[    0.580240] audit: type=2000 audit(1680200794.521:1): initialized
[    0.581161] Initialise system trusted keyring
[    0.581956] HugeTLB registered 2 MB page size, pre-allocated 0 pages
[    0.583594] zbud: loaded
[    0.584352] VFS: Disk quotas dquot_6.6.0
[    0.584900] VFS: Dquot-cache hash table entries: 1024 (order 0, 4096 bytes)
[    0.585832] squashfs: version 4.0 (2009/01/31) Phillip Lougher
[    0.586770] fuse init (API version 7.23)
[    0.587469] Key type big_key registered
[    0.588001] Allocating IMA MOK and blacklist keyrings.
[    0.590034] Key type asymmetric registered
[    0.590710] Asymmetric key parser 'x509' registered
[    0.591550] bounce: pool size: 64 pages
[    0.592167] Block layer SCSI generic (bsg) driver version 0.4 loaded (major 249)
[    0.593347] io scheduler noop registered
[    0.593999] io scheduler deadline registered (default)
[    0.594745] io scheduler cfq registered
[    0.595622] pci_hotplug: PCI Hot Plug PCI Core version: 0.5
[    0.596410] pciehp: PCI Express Hot Plug Controller Driver version: 0.4
[    0.597375] ACPI: AC Adapter [AC] (on-line)
[    0.598070] input: Power Button as /devices/LNXSYSTM:00/LNXPWRBN:00/input/input0
[    0.599265] ACPI: Power Button [PWRF]
[    0.599951] input: Sleep Button as /devices/LNXSYSTM:00/LNXSLPBN:00/input/input1
[    0.601015] ACPI: Sleep Button [SLPF]
[    0.601873] GHES: HEST is not enabled!
[    0.602177] ACPI: Battery Slot [BAT0] (battery present)
[    0.604211] isapnp: Scanning for PnP cards...
[    0.610328] Serial: 8250/16550 driver, 32 ports, IRQ sharing enabled
[    0.632491] 00:02: ttyS0 at I/O 0x3f8 (irq = 4, base_baud = 115200) is a 16550A
[    0.634429] Linux agpgart interface v0.103
[    0.636075] loop: module loaded
[    0.636960] scsi host0: ata_piix
[    0.637570] scsi host1: ata_piix
[    0.638151] ata1: PATA max UDMA/33 cmd 0x1f0 ctl 0x3f6 bmdma 0xd000 irq 14
[    0.639126] ata2: PATA max UDMA/33 cmd 0x170 ctl 0x376 bmdma 0xd008 irq 15
[    0.640140] libphy: Fixed MDIO Bus: probed
[    0.640772] tun: Universal TUN/TAP device driver, 1.6
[    0.641500] tun: (C) 1999-2004 Max Krasnyansky <maxk@qualcomm.com>
[    0.642432] PPP generic driver version 2.4.2
[    0.643140] ehci_hcd: USB 2.0 'Enhanced' Host Controller (EHCI) Driver
[    0.644028] ehci-pci: EHCI PCI platform driver
[    0.644721] ehci-platform: EHCI generic platform driver
[    0.645473] ohci_hcd: USB 1.1 'Open' Host Controller (OHCI) Driver
[    0.646324] ohci-pci: OHCI PCI platform driver
[    0.647015] ohci-platform: OHCI generic platform driver
[    0.647815] uhci_hcd: USB Universal Host Controller Interface driver
[    0.648810] i8042: PNP: PS/2 Controller [PNP0303:PS2K,PNP0f03:PS2M] at 0x60,0x64 irq 1,12
[    0.650825] serio: i8042 KBD port at 0x60,0x64 irq 1
[    0.651478] serio: i8042 AUX port at 0x60,0x64 irq 12
[    0.652203] mousedev: PS/2 mouse device common for all mice
[    0.653306] input: AT Translated Set 2 keyboard as /devices/platform/i8042/serio0/input/input2
[    0.654564] rtc_cmos rtc_cmos: rtc core: registered rtc_cmos as rtc0
[    0.655372] rtc_cmos rtc_cmos: alarms up to one day, 114 bytes nvram
[    0.656168] i2c /dev entries driver
[    0.656698] device-mapper: uevent: version 1.0.3
[    0.657331] device-mapper: ioctl: 4.34.0-ioctl (2015-10-28) initialised: dm-devel@redhat.com
[    0.658407] platform eisa.0: Probing EISA bus 0
[    0.658971] platform eisa.0: EISA: Cannot allocate resource for mainboard
[    0.659728] platform eisa.0: Cannot allocate resource for EISA slot 1
[    0.660493] platform eisa.0: Cannot allocate resource for EISA slot 2
[    0.661285] platform eisa.0: Cannot allocate resource for EISA slot 3
[    0.662070] platform eisa.0: Cannot allocate resource for EISA slot 4
[    0.662871] platform eisa.0: Cannot allocate resource for EISA slot 5
[    0.663653] platform eisa.0: Cannot allocate resource for EISA slot 6
[    0.664571] platform eisa.0: Cannot allocate resource for EISA slot 7
[    0.665361] platform eisa.0: Cannot allocate resource for EISA slot 8
[    0.666130] platform eisa.0: EISA: Detected 0 cards
[    0.666785] cpufreq-nforce2: No nForce2 chipset.
[    0.667463] ledtrig-cpu: registered to indicate activity on CPUs
[    0.668453] NET: Registered protocol family 10
[    0.669190] NET: Registered protocol family 17
[    0.669792] Key type dns_resolver registered
[    0.670494] Using IPI No-Shortcut mode
[    0.671098] registered taskstats version 1
[    0.671677] Loading compiled-in X.509 certificates
[    0.673666] Loaded X.509 cert 'Build time autogenerated kernel key: 20ac0ed02049a72ce76c079ea50dd43d3ac5969c'
[    0.674962] zswap: loaded using pool lzo/zbud
[    0.676876] Key type trusted registered
[    0.679348] Key type encrypted registered
[    0.679937] AppArmor: AppArmor sha1 policy hashing enabled
[    0.680660] ima: No TPM chip found, activating TPM-bypass!
[    0.681372] ima: Allocated hash algorithm: sha1
[    0.682006] evm: HMAC attrs: 0x1
[    0.682765]   Magic number: 15:520:444
[    0.683373] rtc_cmos rtc_cmos: setting system clock to 2023-03-30 18:26:29 UTC (1680200789)
[    0.684626] BIOS EDD facility v0.16 2004-Jun-25, 0 devices found
[    0.685406] EDD information not available.
[    0.961296] isapnp: No Plug & Play device found
[    0.962282] Freeing unused kernel memory: 944K
[    1.904508] Write protecting the kernel text: 8156k
[    1.906135] Write protecting the kernel read-only data: 3220k
[    1.907776] NX-protecting the kernel data: 6180k
Loading, please wait...
starting version 229
[    1.922959] random: systemd-udevd: uninitialized urandom read (16 bytes read, 0 bits of entropy available)
[    1.923639] random: udevadm: uninitialized urandom read (16 bytes read, 0 bits of entropy available)
[    1.930628] random: systemd-udevd: uninitialized urandom read (16 bytes read, 0 bits of entropy available)
[    1.931885] random: systemd-udevd: uninitialized urandom read (16 bytes read, 0 bits of entropy available)
[    1.932383] random: udevadm: uninitialized urandom read (16 bytes read, 0 bits of entropy available)
[    1.932434] random: udevadm: uninitialized urandom read (16 bytes read, 0 bits of entropy available)
[    1.932609] random: udevadm: uninitialized urandom read (16 bytes read, 0 bits of entropy available)
[    1.932675] random: udevadm: uninitialized urandom read (16 bytes read, 0 bits of entropy available)
[    1.932737] random: udevadm: uninitialized urandom read (16 bytes read, 0 bits of entropy available)
[    1.932800] random: udevadm: uninitialized urandom read (16 bytes read, 0 bits of entropy available)
[    1.969160] Fusion MPT base driver 3.04.20
[    1.969834] Copyright (c) 1999-2008 LSI Corporation
[    1.989787] Fusion MPT SPI Host driver 3.04.20
[    1.992176] e1000: Intel(R) PRO/1000 Network Driver - version 7.3.21-k8-NAPI
[    1.993303] e1000: Copyright (c) 1999-2006 Intel Corporation.
[    1.997931] [drm] Initialized drm 1.1.0 20060810
[    2.000124] mptbase: ioc0: Initiating bringup
[    2.036411] vboxvideo: loading out-of-tree module taints kernel.
[    2.037208] vboxvideo: module verification failed: signature and/or required key missing - tainting kernel
[    2.038838] vboxvideo: loading version 6.1.38 r153438
[    2.064355] ioc0: LSI53C1030 A0: Capabilities={Initiator}
[    2.201899] input: ImExPS/2 Generic Explorer Mouse as /devices/platform/i8042/serio1/input/input4
[    2.226811] scsi host2: ioc0: LSI53C1030 A0, FwRev=00000000h, Ports=1, MaxQ=256, IRQ=20
[    4.180468] scsi 2:0:0:0: Direct-Access     VBOX     HARDDISK         1.0  PQ: 0 ANSI: 5
[    4.182378] scsi target2:0:0: Beginning Domain Validation
[    4.185986] scsi target2:0:0: Domain Validation skipping write tests
[    4.186964] scsi target2:0:0: Ending Domain Validation
[    4.187849] scsi target2:0:0: asynchronous
[    4.189366] scsi 2:0:1:0: Direct-Access     VBOX     HARDDISK         1.0  PQ: 0 ANSI: 5
[    4.190498] scsi target2:0:1: Beginning Domain Validation
[    4.192885] scsi target2:0:1: Domain Validation skipping write tests
[    4.193743] scsi target2:0:1: Ending Domain Validation
[    4.194522] scsi target2:0:1: asynchronous
[    4.200224] sd 2:0:0:0: Attached scsi generic sg0 type 0
[    4.201746] sd 2:0:1:0: [sdb] 20480 512-byte logical blocks: (10.5 MB/10.0 MiB)
[    4.201747] sd 2:0:0:0: [sda] 83886080 512-byte logical blocks: (42.9 GB/40.0 GiB)
[    4.203828] sd 2:0:1:0: Attached scsi generic sg1 type 0
[    4.204697] sd 2:0:0:0: [sda] Write Protect is off
[    4.205556] sd 2:0:1:0: [sdb] Write Protect is off
[    4.205563] sd 2:0:0:0: [sda] Incomplete mode parameter data
[    4.205564] sd 2:0:0:0: [sda] Assuming drive cache: write through
[    4.207988] sd 2:0:1:0: [sdb] Incomplete mode parameter data
[    4.208740] sd 2:0:1:0: [sdb] Assuming drive cache: write through
[    4.224506]  sda: sda1
[    4.225742] sd 2:0:0:0: [sda] Attached SCSI disk
[    4.227100] sd 2:0:1:0: [sdb] Attached SCSI disk
[    4.920034] e1000 0000:00:03.0 eth0: (PCI:33MHz:32-bit) 02:4c:f1:9f:ae:47
[    4.922317] e1000 0000:00:03.0 eth0: Intel(R) PRO/1000 Network Connection
[    4.924903] [drm] VRAM 01000000
[    4.925559] e1000 0000:00:03.0 enp0s3: renamed from eth0
[    4.927056] [TTM] Zone  kernel: Available graphics memory: 444310 kiB
[    4.927839] [TTM] Zone highmem: Available graphics memory: 511866 kiB
[    4.928629] [TTM] Initializing pool allocator
[    4.929202] [TTM] Initializing DMA pool allocator
[    4.931081] fbcon: vboxdrmfb (fb0) is primary device
[    4.935118] Console: switching to colour frame buffer device 100x37
[    4.936697] vboxvideo 0000:00:02.0: fb0: vboxdrmfb frame buffer device
[    4.944101] [drm] Initialized vboxvideo 1.0.0 20130823 for 0000:00:02.0 on minor 0
Begin: Loading essential drivers ... [    4.990291] md: linear personality registered for level -1
[    4.994104] md: multipath personality registered for level -4
[    4.997811] md: raid0 personality registered for level 0
[    5.003405] md: raid1 personality registered for level 1
[    5.076025] raid6: mmxx1    gen()  3682 MB/s
[    5.144098] raid6: mmxx2    gen()  7316 MB/s
[    5.212022] raid6: sse1x1   gen()  3379 MB/s
[    5.280110] raid6: sse1x2   gen()  7000 MB/s
[    5.348107] raid6: sse2x1   gen()  7420 MB/s
[    5.418064] raid6: sse2x1   xor()  8612 MB/s
[    5.484343] raid6: sse2x2   gen() 15886 MB/s
[    5.552180] raid6: sse2x2   xor() 11421 MB/s
[    5.622530] raid6: avx2x1   gen() 19967 MB/s
[    5.688141] raid6: avx2x2   gen() 31946 MB/s
[    5.688812] raid6: using algorithm avx2x2 gen() 31946 MB/s
[    5.689568] raid6: using avx2x1 recovery algorithm
[    5.692427] xor: automatically using best checksumming function:
[    5.732077]    avx       : 15582.000 MB/sec
[    5.734606] async_tx: api initialized (async)
[    5.750031] md: raid6 personality registered for level 6
[    5.751067] md: raid5 personality registered for level 5
[    5.751918] md: raid4 personality registered for level 4
[    5.760884] md: raid10 personality registered for level 10
done.
Begin: Running /scripts/init-premount ... done.
Begin: Mounting root file system ... Begin: Running /scripts/local-top ... done.
Begin: Running /scripts/local-premount ... [    5.811420] Btrfs loaded
Scanning for Btrfs filesystems
done.
Begin: Will now check root file system ... fsck from util-linux 2.27.1
[/sbin/fsck.ext4 (1) -- /dev/sda1] fsck.ext4 -a -C0 /dev/sda1 
cloudimg-rootfs: recovering journal
cloudimg-rootfs: clean, 77447/5120000 files, 757301/10485499 blocks
done.
[    5.850870] EXT4-fs (sda1): mounted filesystem with ordered data mode. Opts: (null)
done.
Begin: Running /scripts/local-bottom ... done.
Begin: Running /scripts/init-bottom ... done.
[    5.932637] systemd[1]: systemd 229 running in system mode. (+PAM +AUDIT +SELINUX +IMA +APPARMOR +SMACK +SYSVINIT +UTMP +LIBCRYPTSETUP +GCRYPT +GNUTLS +ACL +XZ -LZ4 +SECCOMP +BLKID +ELFUTILS +KMOD -IDN)
[    5.934588] systemd[1]: Detected virtualization oracle.
[    5.935264] systemd[1]: Detected architecture x86.

Welcome to [1mUbuntu 16.04.7 LTS[0m!

[    5.937529] systemd[1]: Set hostname to <ubuntu-xenial>.
[    6.065854] systemd[1]: Listening on fsck to fsckd communication Socket.
[[0;32m  OK  [0m] Listening on fsck to fsckd communication Socket.
[    6.067171] systemd[1]: Listening on Journal Socket.
[[0;32m  OK  [0m] Listening on Journal Socket.
[    6.068141] systemd[1]: Reached target Encrypted Volumes.
[[0;32m  OK  [0m] Reached target Encrypted Volumes.
[    6.069106] systemd[1]: Started Trigger resolvconf update for networkd DNS.
[[0;32m  OK  [0m] Started Trigger resolvconf update for networkd DNS.
[    6.070729] systemd[1]: Created slice User and Session Slice.
[[0;32m  OK  [0m] Created slice User and Session Slice.
[    6.071913] systemd[1]: Listening on Journal Audit Socket.
[[0;32m  OK  [0m] Listening on Journal Audit Socket.
[    6.072988] systemd[1]: Listening on LVM2 metadata daemon socket.
[[0;32m  OK  [0m] Listening on LVM2 metadata daemon socket.
[    6.074291] systemd[1]: Set up automount Arbitrary Executable File Formats File System Automount Point.
[[0;32m  OK  [0m] Set up automount Arbitrary Executab...ats File System Automount Point.
[    6.076062] systemd[1]: Listening on /dev/initctl Compatibility Named Pipe.
[[0;32m  OK  [0m] Listening on /dev/initctl Compatibility Named Pipe.
[    6.077294] systemd[1]: Listening on LVM2 poll daemon socket.
[[0;32m  OK  [0m] Listening on LVM2 poll daemon socket.
[    6.078486] systemd[1]: Listening on udev Kernel Socket.
[[0;32m  OK  [0m] Listening on udev Kernel Socket.
[    6.079663] systemd[1]: Created slice System Slice.
[[0;32m  OK  [0m] Created slice System Slice.
[    6.096253] systemd[1]: Starting Nameserver information manager...
         Starting Nameserver information manager...
[    6.101890] systemd[1]: Starting Load Kernel Modules...
         Starting Load Kernel Modules...
[    6.108863] systemd[1]: Starting Create list of required static device nodes for the current kernel...
         Starting Create list of required st... nodes for the current kernel...
[    6.111687] systemd[1]: Mounting Debug File System...
         Mounting Debug File System...
[    6.112979] Loading iSCSI transport class v2.0-870.
[    6.114716] systemd[1]: Starting Uncomplicated firewall...
         Starting Uncomplicated firewall...
[    6.117326] systemd[1]: Mounting Huge Pages File System...
         Mounting Huge Pages File System...
[    6.122599] systemd[1]: Starting Remount Root and Kernel File Systems...
         Starting Remount Root and Kernel File Systems...
[    6.125635] systemd[1]: Listening on Syslog Socket.
[[0;32m  OK  [0m] Listening on Syslog Socket.
[    6.127218] systemd[1]: Reached target Swap.
[[0;32m  OK  [0m] Reached target Swap.
[    6.128705] systemd[1]: Listening on Journal Socket (/dev/log).
[    6.129684] EXT4-fs (sda1): re-mounted. Opts: (null)
[[0;32m  OK  [0m] Listening on Journal Socket (/dev/log).
[    6.131291] systemd[1]: Starting Set console keymap...
         Starting Set console keymap...
[    6.132093] systemd[1]: Reached target User and Group Name Lookups.
[[0;32m  OK  [0m] Reached target User and Group Name Lookups.
[    6.134777] systemd[1]: Listening on udev Control Socket.
[[0;32m  OK  [0m] Listening on udev Control Socket.
[    6.136284] systemd[1]: Reached target System Time Synchronized.
[[0;32m  OK  [0m] Reached target System Time Synchronized.
[    6.137897] iscsi: registered transport (tcp)
[    6.139308] systemd[1]: Reached target Slices.
[[0;32m  OK  [0m] Reached target Slices.
[    6.156179] systemd[1]: Mounting POSIX Message Queue File System...
         Mounting POSIX Message Queue File System...
[    6.161055] systemd[1]: Listening on Device-mapper event daemon FIFOs.
[[0;32m  OK  [0m] Listening on Device-mapper event daemon FIFOs.
[    6.163904] systemd[1]: Starting Monitoring of LVM2 mirrors, snapshots etc. using dmeventd or progress polling...
         Starting Monitoring of LVM2 mirrors... dmeventd or progress polling...
[    6.166819] systemd[1]: Starting Journal Service...
         Starting Journal Service...
[    6.168649] systemd[1]: Started Forward Password Requests to Wall Directory Watch.
[[0;32m  OK  [0m] Started Forward Password Requests to Wall Directory Watch.
[    6.172804] systemd[1]: Created slice system-serial\x2dgetty.slice.
[[0;32m  OK  [0m] Created slice system-serial\x2dgetty.slice.
[    6.175605] systemd[1]: Mounted Huge Pages File System.
[[0;32m  OK  [0m] Mounted Huge Pages File System.
[    6.177069] systemd[1]: Mounted POSIX Message Queue File System.
[[0;32m  OK  [0m] Mounted POSIX Message Queue File System.
[    6.178483] systemd[1]: Mounted Debug File System.
[[0;32m  OK  [0m] Mounted Debug File System.
[    6.181463] systemd[1]: Started Create list of required static device nodes for the current kernel.
[[0;32m  OK  [0m] Started Create list of required sta...ce nodes for the current kernel.
[    6.185911] systemd[1]: Started Uncomplicated firewall.
[[0;32m  OK  [0m] Started Uncomplicated firewall.
[    6.193402] systemd[1]: Started Remount Root and Kernel File Systems.
[[0;32m  OK  [0m] Started Remount Root and Kernel File Systems.
[    6.196355] iscsi: registered transport (iser)
[    6.199231] systemd[1]: Started Set console keymap.
[[0;32m  OK  [0m] Started Set console keymap.
[    6.212391] systemd[1]: Started Nameserver information manager.
[[0;32m  OK  [0m] Started Nameserver information manager.
[    6.216099] systemd[1]: Started Load Kernel Modules.
[[0;32m  OK  [0m] Started Load Kernel Modules.
[    6.218958] systemd[1]: Started Journal Service.
[[0;32m  OK  [0m] Started Journal Service.
[[0;32m  OK  [0m] Started LVM2 metadata daemon.
         Starting Apply Kernel Variables...
         Mounting FUSE Control File System...
         Starting Load/Save Random Seed...
         Starting udev Coldplug all Devices...
         Starting Flush Journal to Persistent Storage...
         Starting Create Static Device Nodes in /dev...
[[0;32m  OK  [0m] Mounted FUSE Control File System.
[[0;32m  OK  [0m] Started Apply Kernel Variables.
[[0;32m  OK  [0m] Started Load/Save Random Seed.
[[0;32m  OK  [0m] Started Flush Journal to Persistent Storage.
[[0;32m  OK  [0m] Started Create Static Device Nodes in /dev.
         Starting udev Kernel Device Manager...
[[0;32m  OK  [0m] Started udev Coldplug all Devices.
[[0;32m  OK  [0m] Started udev Kernel Device Manager.
[[0;32m  OK  [0m] Started Dispatch Password Requests to Console Directory Watch.
[[0;32m  OK  [0m] Found device /dev/ttyS0.
[[0;32m  OK  [0m] Listening on Load/Save RF Kill Switch Status /dev/rfkill Watch.
[[0;32m  OK  [0m] Found device 82540EM Gigabit Ethern...r (PRO/1000 MT Desktop Adapter).
[[0;32m  OK  [0m] Started Monitoring of LVM2 mirrors,...ng dmeventd or progress polling.
[[0;32m  OK  [0m] Reached target Local File Systems (Pre).
[[0;32m  OK  [0m] Reached target Local File Systems.
         Starting Set console font and keymap...
         Starting Tell Plymouth To Write Out Runtime Data...
         Starting LSB: AppArmor initialization...
         Starting Initial cloud-init job (pre-networking)...
         Starting Create Volatile Files and Directories...
[[0;32m  OK  [0m] Started Create Volatile Files and Directories.
[[0;32m  OK  [0m] Started Tell Plymouth To Write Out Runtime Data.
         Starting Update UTMP about System Boot/Shutdown...
[[0;32m  OK  [0m] Started Update UTMP about System Boot/Shutdown.
[[0;32m  OK  [0m] Started Set console font and keymap.
[[0;32m  OK  [0m] Created slice system-getty.slice.
[[0;32m  OK  [0m] Started LSB: AppArmor initialization.
         Starting Load AppArmor profiles managed internally by snapd...
[[0;32m  OK  [0m] Started Load AppArmor profiles managed internally by snapd.
[    7.224008] cloud-init[604]: Cloud-init v. 21.1-19-gbad84ad4-0ubuntu1~16.04.2 running 'init-local' at Thu, 30 Mar 2023 18:26:35 +0000. Up 7.01 seconds.
[[0;32m  OK  [0m] Started Initial cloud-init job (pre-networking).
[[0;32m  OK  [0m] Reached target Network (Pre).
         Starting Raise network interfaces...
[[0;32m  OK  [0m] Started ifup for enp0s3.
[[0;32m  OK  [0m] Started Raise network interfaces.
[[0;32m  OK  [0m] Reached target Network.
         Starting Initial cloud-init job (metadata service crawler)...
[    7.868748] cloud-init[961]: Cloud-init v. 21.1-19-gbad84ad4-0ubuntu1~16.04.2 running 'init' at Thu, 30 Mar 2023 18:26:36 +0000. Up 7.65 seconds.
[    7.869528] cloud-init[961]: ci-info: ++++++++++++++++++++++++++++++++++++++Net device info++++++++++++++++++++++++++++++++++++++
[    7.870254] cloud-init[961]: ci-info: +--------+------+----------------------------+---------------+--------+-------------------+
[    7.871092] cloud-init[961]: ci-info: | Device |  Up  |          Address           |      Mask     | Scope  |     Hw-Address    |
[    7.871779] cloud-init[961]: ci-info: +--------+------+----------------------------+---------------+--------+-------------------+
[    7.872473] cloud-init[961]: ci-info: | enp0s3 | True |         10.0.2.15          | 255.255.255.0 | global | 02:4c:f1:9f:ae:47 |
[    7.880395] cloud-init[961]: ci-info: | enp0s3 | True | fe80::4c:f1ff:fe9f:ae47/64 |       .       |  link  | 02:4c:f1:9f:ae:47 |
[    7.881244] cloud-init[961]: ci-info: |   lo   | True |         127.0.0.1          |   255.0.0.0   |  host  |         .         |
[    7.882020] cloud-init[961]: ci-info: |   lo   | True |          ::1/128           |       .       |  host  |         .         |
[    7.882779] cloud-init[961]: ci-info: +--------+------+----------------------------+---------------+--------+-------------------+
[    7.883533] cloud-init[961]: ci-info: +++++++++++++++++++++++++++Route IPv4 info++++++++++++++++++++++++++++
[    7.884249] cloud-init[961]: ci-info: +-------+-------------+----------+---------------+-----------+-------+
[    7.884912] cloud-init[961]: ci-info: | Route | Destination | Gateway  |    Genmask    | Interface | Flags |
[    7.885578] cloud-init[961]: ci-info: +-------+-------------+----------+---------------+-----------+-------+
[    7.886285] cloud-init[961]: ci-info: |   0   |   0.0.0.0   | 10.0.2.2 |    0.0.0.0    |   enp0s3  |   UG  |
[    7.886984] cloud-init[961]: ci-info: |   1   |   10.0.2.0  | 0.0.0.0  | 255.255.255.0 |   enp0s3  |   U   |
[    7.887638] cloud-init[961]: ci-info: +-------+-------------+----------+---------------+-----------+-------+
[    7.888323] cloud-init[961]: ci-info: +++++++++++++++++++Route IPv6 info+++++++++++++++++++
[    7.888858] cloud-init[961]: ci-info: +-------+-------------+---------+-----------+-------+
[    7.889468] cloud-init[961]: ci-info: | Route | Destination | Gateway | Interface | Flags |
[    7.890039] cloud-init[961]: ci-info: +-------+-------------+---------+-----------+-------+
[    7.890745] cloud-init[961]: ci-info: |   0   |  fe80::/64  |    ::   |   enp0s3  |   U   |
[    7.891476] cloud-init[961]: ci-info: |   3   |   ff00::/8  |    ::   |   enp0s3  |   U   |
[    7.892042] cloud-init[961]: ci-info: +-------+-------------+---------+-----------+-------+
[[0;32m  OK  [0m] Started Initial cloud-init job (metadata service crawler).
[[0;32m  OK  [0m] Reached target Network is Online.
         Starting iSCSI initiator daemon (iscsid)...
[[0;32m  OK  [0m] Reached target System Initialization.
[[0;32m  OK  [0m] Started Daily apt download activities.
         Starting LXD - unix socket.
[[0;32m  OK  [0m] Started Message of the Day.
[[0;32m  OK  [0m] Started Daily Cleanup of Temporary Directories.
[[0;32m  OK  [0m] Listening on ACPID Listen Socket.
[[0;32m  OK  [0m] Started ACPI Events Check.
[[0;32m  OK  [0m] Reached target Paths.
[[0;32m  OK  [0m] Started Ubuntu Advantage Timer for running repeated jobs.
[[0;32m  OK  [0m] Listening on D-Bus System Message Bus Socket.
[[0;32m  OK  [0m] Started Daily apt upgrade and clean activities.
[[0;32m  OK  [0m] Reached target Timers.
         Starting Socket activation for snappy daemon.
[[0;32m  OK  [0m] Listening on UUID daemon activation socket.
[[0;32m  OK  [0m] Reached target Cloud-config availability.
[[0;32m  OK  [0m] Listening on LXD - unix socket.
[[0;32m  OK  [0m] Listening on Socket activation for snappy daemon.
[[0;32m  OK  [0m] Reached target Sockets.
[[0;32m  OK  [0m] Reached target Basic System.
[[0;32m  OK  [0m] Started FUSE filesystem for LXC.
[[0;32m  OK  [0m] Started Deferred execution scheduler.
[[0;32m  OK  [0m] Started ACPI event daemon.
         Starting MySQL Community Server...
         Starting System Logging Service...
[[0;32m  OK  [0m] Started Regular background program processing daemon.
         Starting OpenBSD Secure Shell server...
         Starting /etc/rc.local Compatibility...
         Starting Snap Daemon...
         Starting vboxadd.service...
         Starting LSB: MD monitoring daemon...
[[0;32m  OK  [0m] Started D-Bus System Message Bus.
         Starting Login Service...
         Starting LSB: Record successful boot for GRUB...
         Starting Accounts Service...
         Starting LXD - container startup/shutdown...
[[0;32m  OK  [0m] Started System Logging Service.
[[0;32m  OK  [0m] Started iSCSI initiator daemon (iscsid).
[[0;32m  OK  [0m] Started /etc/rc.local Compatibility.
         Starting Login to default iSCSI targets...
[[0;32m  OK  [0m] Started OpenBSD Secure Shell server.
[[0;32m  OK  [0m] Started Login Service.
[[0;32m  OK  [0m] Started LSB: MD monitoring daemon.
[[0;32m  OK  [0m] Started Unattended Upgrades Shutdown.
[[0;32m  OK  [0m] Started Login to default iSCSI targets.
[[0;32m  OK  [0m] Reached target Remote File Systems (Pre).
         Mounting /vagrant...
[[0;1;31mFAILED[0m] Failed to mount /vagrant.
See 'systemctl status vagrant.mount' for details.
[[0;1;33mDEPEND[0m] Dependency failed for Remote File Systems.
[[0;32m  OK  [0m] Started LSB: Record successful boot for GRUB.
         Starting Permit User Sessions...
         Starting LSB: Set the CPU Frequency Scaling governor to "ondemand"...
         Starting LSB: automatic crash report generation...
         Starting LSB: daemon to balance interrupts for SMP systems...
[[0;32m  OK  [0m] Started Permit User Sessions.
         Starting Hold until boot process finishes up...
         Starting Terminate Plymouth Boot Screen...
[[0;32m  OK  [0m] Started Hold until boot process finishes up.
[[0;32m  OK  [0m] Started LSB: Set the CPU Frequency Scaling governor to "ondemand".
[[0;32m  OK  [0m] Started Serial Getty on ttyS0.
[[0;32m  OK  [0m] Started Getty on tty1.
[[0;32m  OK  [0m] Reached target Login Prompts.
         Starting Set console scheme...
[[0;32m  OK  [0m] Started LXD - container startup/shutdown.
[[0;32m  OK  [0m] Started LSB: automatic crash report generation.
[[0;32m  OK  [0m] Started LSB: daemon to balance interrupts for SMP systems.
[[0;32m  OK  [0m] Started Terminate Plymouth Boot Screen.
[[0;32m  OK  [0m] Started Set console scheme.
         Starting Authenticate and Authorize Users to Run Privileged Tasks...
[[0;32m  OK  [0m] Started Authenticate and Authorize Users to Run Privileged Tasks.
[[0;32m  OK  [0m] Started Accounts Service.
[[0;32m  OK  [0m] Started Snap Daemon.
         Starting Wait until snapd is fully seeded...
[[0;32m  OK  [0m] Started Wait until snapd is fully seeded.
         Starting Apply the settings specified in cloud-config...
[    8.807332] cloud-init[1246]: Cloud-init v. 21.1-19-gbad84ad4-0ubuntu1~16.04.2 running 'modules:config' at Thu, 30 Mar 2023 18:26:37 +0000. Up 8.72 seconds.
[[0;32m  OK  [0m] Started vboxadd.service.
         Starting vboxadd-service.service...
[[0;32m  OK  [0m] Started Apply the settings specified in cloud-config.
         Starting cloud-id shim...
[[0;32m  OK  [0m] Started vboxadd-service.service.
[[0;32m  OK  [0m] Started MySQL Community Server.
[[0;32m  OK  [0m] Started cloud-id shim.
[[0;32m  OK  [0m] Reached target Multi-User System.
[[0;32m  OK  [0m] Reached target Graphical Interface.
         Starting Update UTMP about System Runlevel Changes...
         Starting Execute cloud user/final scripts...
[[0;32m  OK  [0m] Started Update UTMP about System Runlevel Changes.
[    9.477900] cloud-init[1366]: Cloud-init v. 21.1-19-gbad84ad4-0ubuntu1~16.04.2 running 'modules:final' at Thu, 30 Mar 2023 18:26:38 +0000. Up 9.37 seconds.
[    9.484843] cloud-init[1366]: Cloud-init v. 21.1-19-gbad84ad4-0ubuntu1~16.04.2 finished at Thu, 30 Mar 2023 18:26:38 +0000. Datasource DataSourceNoCloud [seed=/dev/sdb][dsmode=net].  Up 9.47 seconds
[[0;32m  OK  [0m] Started Execute cloud user/final scripts.
[[0;32m  OK  [0m] Reached target Cloud-init target.

Ubuntu 16.04.7 LTS ubuntu-xenial ttyS0

ubuntu-xenial login: 