DEPRECATION WARNING: The factory_girl gem is deprecated. Please upgrade to factory_bot. See https://github.com/thoughtbot/factory_bot/blob/v4.9.0/UPGRADE_FROM_FACTORY_GIRL.md for further instructions. (called from <main> at bin/rails:4)
  [1m[35m (0.5ms)[0m  [1m[35mSET NAMES utf8,  @@SESSION.sql_mode = CONCAT(CONCAT(@@sql_mode, ',STRICT_ALL_TABLES'), ',NO_AUTO_VALUE_ON_ZERO'),  @@SESSION.sql_auto_is_null = 0, @@SESSION.wait_timeout = 2147483[0m
  ↳ /home/eduardoalmeida/.rvm/gems/ruby-2.5.1@angular/bin/rake:23
  [1m[35m (0.4ms)[0m  [1m[34mSELECT `schema_migrations`.`version` FROM `schema_migrations` ORDER BY `schema_migrations`.`version` ASC[0m
  ↳ /home/eduardoalmeida/.rvm/gems/ruby-2.5.1@angular/bin/rake:23
  [1m[35m (0.7ms)[0m  [1m[34mSELECT `ar_internal_metadata`.`value` FROM `ar_internal_metadata` WHERE `ar_internal_metadata`.`key` = 'environment'[0m
  ↳ /home/eduardoalmeida/.rvm/gems/ruby-2.5.1@angular/bin/rake:23
  [1m[35m (0.4ms)[0m  [1m[34mSELECT `schema_migrations`.`version` FROM `schema_migrations` ORDER BY `schema_migrations`.`version` ASC[0m
  ↳ /home/eduardoalmeida/.rvm/gems/ruby-2.5.1@angular/bin/rake:23
  [1m[35m (0.7ms)[0m  [1m[34mSELECT `ar_internal_metadata`.`value` FROM `ar_internal_metadata` WHERE `ar_internal_metadata`.`key` = 'environment'[0m
  ↳ /home/eduardoalmeida/.rvm/gems/ruby-2.5.1@angular/bin/rake:23
  [1m[35m (0.4ms)[0m  [1m[34mSELECT `schema_migrations`.`version` FROM `schema_migrations` ORDER BY `schema_migrations`.`version` ASC[0m
  ↳ /home/eduardoalmeida/.rvm/gems/ruby-2.5.1@angular/bin/rake:23
  [1m[35m (0.4ms)[0m  [1m[34mSELECT `ar_internal_metadata`.`value` FROM `ar_internal_metadata` WHERE `ar_internal_metadata`.`key` = 'environment'[0m
  ↳ /home/eduardoalmeida/.rvm/gems/ruby-2.5.1@angular/bin/rake:23
  [1m[35m (0.4ms)[0m  [1m[35mSET NAMES utf8,  @@SESSION.sql_mode = CONCAT(CONCAT(@@sql_mode, ',STRICT_ALL_TABLES'), ',NO_AUTO_VALUE_ON_ZERO'),  @@SESSION.sql_auto_is_null = 0, @@SESSION.wait_timeout = 2147483[0m
  ↳ /home/eduardoalmeida/.rvm/gems/ruby-2.5.1@angular/bin/rake:23
  [1m[35m (21.8ms)[0m  [1m[35mDROP DATABASE IF EXISTS `task-manager-api_test`[0m
  ↳ /home/eduardoalmeida/.rvm/gems/ruby-2.5.1@angular/bin/rake:23
  [1m[35m (15.9ms)[0m  [1m[35mCREATE DATABASE `task-manager-api_test` DEFAULT CHARACTER SET `utf8`[0m
  ↳ /home/eduardoalmeida/.rvm/gems/ruby-2.5.1@angular/bin/rake:23
  [1m[35m (0.6ms)[0m  [1m[35mSET NAMES utf8,  @@SESSION.sql_mode = CONCAT(CONCAT(@@sql_mode, ',STRICT_ALL_TABLES'), ',NO_AUTO_VALUE_ON_ZERO'),  @@SESSION.sql_auto_is_null = 0, @@SESSION.wait_timeout = 2147483[0m
  ↳ /home/eduardoalmeida/.rvm/gems/ruby-2.5.1@angular/bin/rake:23
  [1m[35m (0.4ms)[0m  [1m[35mSET NAMES utf8,  @@SESSION.sql_mode = CONCAT(CONCAT(@@sql_mode, ',STRICT_ALL_TABLES'), ',NO_AUTO_VALUE_ON_ZERO'),  @@SESSION.sql_auto_is_null = 0, @@SESSION.wait_timeout = 2147483[0m
  ↳ db/schema.rb:15
  [1m[35m (7.4ms)[0m  [1m[35mDROP TABLE IF EXISTS `usuarios` CASCADE[0m
  ↳ db/schema.rb:15
  [1m[35m (87.0ms)[0m  [1m[35mCREATE TABLE `usuarios` (`id` bigint NOT NULL AUTO_INCREMENT PRIMARY KEY, `email` varchar(255) DEFAULT '' NOT NULL, `encrypted_password` varchar(255) DEFAULT '' NOT NULL, `reset_password_token` varchar(255), `reset_password_sent_at` datetime, `remember_created_at` datetime, `created_at` datetime NOT NULL, `updated_at` datetime NOT NULL, UNIQUE INDEX `index_usuarios_on_email`  (`email`), UNIQUE INDEX `index_usuarios_on_reset_password_token`  (`reset_password_token`)) ENGINE=InnoDB DEFAULT CHARSET=utf8mb3[0m
  ↳ db/schema.rb:15
  [1m[35m (67.7ms)[0m  [1m[35mCREATE TABLE `schema_migrations` (`version` varchar(255) NOT NULL PRIMARY KEY)[0m
  ↳ db/schema.rb:13
  [1m[35m (1.6ms)[0m  [1m[34mSELECT `schema_migrations`.`version` FROM `schema_migrations` ORDER BY `schema_migrations`.`version` ASC[0m
  ↳ db/schema.rb:13
  [1m[35m (17.3ms)[0m  [1m[32mINSERT INTO `schema_migrations` (version) VALUES (20230404194329)[0m
  ↳ db/schema.rb:13
  [1m[35m (67.0ms)[0m  [1m[35mCREATE TABLE `ar_internal_metadata` (`key` varchar(255) NOT NULL PRIMARY KEY, `value` varchar(255), `created_at` datetime NOT NULL, `updated_at` datetime NOT NULL)[0m
  ↳ db/schema.rb:13
  [1m[36mActiveRecord::InternalMetadata Load (1.7ms)[0m  [1m[34mSELECT  `ar_internal_metadata`.* FROM `ar_internal_metadata` WHERE `ar_internal_metadata`.`key` = 'environment' LIMIT 1[0m
  ↳ db/schema.rb:13
  [1m[35m (0.6ms)[0m  [1m[35mBEGIN[0m
  ↳ db/schema.rb:13
  [1m[36mActiveRecord::InternalMetadata Create (0.4ms)[0m  [1m[32mINSERT INTO `ar_internal_metadata` (`key`, `value`, `created_at`, `updated_at`) VALUES ('environment', 'development', '2023-04-04 20:18:29', '2023-04-04 20:18:29')[0m
  ↳ db/schema.rb:13
  [1m[35m (11.5ms)[0m  [1m[35mCOMMIT[0m
  ↳ db/schema.rb:13
  [1m[36mActiveRecord::InternalMetadata Load (0.5ms)[0m  [1m[34mSELECT  `ar_internal_metadata`.* FROM `ar_internal_metadata` WHERE `ar_internal_metadata`.`key` = 'environment' LIMIT 1[0m
  ↳ /home/eduardoalmeida/.rvm/gems/ruby-2.5.1@angular/bin/rake:23
  [1m[35m (0.3ms)[0m  [1m[35mBEGIN[0m
  ↳ /home/eduardoalmeida/.rvm/gems/ruby-2.5.1@angular/bin/rake:23
  [1m[36mActiveRecord::InternalMetadata Update (0.7ms)[0m  [1m[33mUPDATE `ar_internal_metadata` SET `value` = 'test' WHERE `ar_internal_metadata`.`key` = 'environment'[0m
  ↳ /home/eduardoalmeida/.rvm/gems/ruby-2.5.1@angular/bin/rake:23
  [1m[35m (10.3ms)[0m  [1m[35mCOMMIT[0m
  ↳ /home/eduardoalmeida/.rvm/gems/ruby-2.5.1@angular/bin/rake:23
  [1m[35m (0.4ms)[0m  [1m[35mSET NAMES utf8,  @@SESSION.sql_mode = CONCAT(CONCAT(@@sql_mode, ',STRICT_ALL_TABLES'), ',NO_AUTO_VALUE_ON_ZERO'),  @@SESSION.sql_auto_is_null = 0, @@SESSION.wait_timeout = 2147483[0m
  ↳ /home/eduardoalmeida/.rvm/gems/ruby-2.5.1@angular/bin/rake:23
  [1m[35m (0.6ms)[0m  [1m[34mSELECT `schema_migrations`.`version` FROM `schema_migrations` ORDER BY `schema_migrations`.`version` ASC[0m
  ↳ /home/eduardoalmeida/.rvm/gems/ruby-2.5.1@angular/bin/rake:23
  [1m[35m (0.5ms)[0m  [1m[34mSELECT `ar_internal_metadata`.`value` FROM `ar_internal_metadata` WHERE `ar_internal_metadata`.`key` = 'environment'[0m
  ↳ /home/eduardoalmeida/.rvm/gems/ruby-2.5.1@angular/bin/rake:23
  [1m[35m (0.5ms)[0m  [1m[34mSELECT `schema_migrations`.`version` FROM `schema_migrations` ORDER BY `schema_migrations`.`version` ASC[0m
  ↳ /home/eduardoalmeida/.rvm/gems/ruby-2.5.1@angular/bin/rake:23
  [1m[35m (0.4ms)[0m  [1m[34mSELECT `ar_internal_metadata`.`value` FROM `ar_internal_metadata` WHERE `ar_internal_metadata`.`key` = 'environment'[0m
  ↳ /home/eduardoalmeida/.rvm/gems/ruby-2.5.1@angular/bin/rake:23
  [1m[35m (0.4ms)[0m  [1m[34mSELECT `schema_migrations`.`version` FROM `schema_migrations` ORDER BY `schema_migrations`.`version` ASC[0m
  ↳ /home/eduardoalmeida/.rvm/gems/ruby-2.5.1@angular/bin/rake:23
  [1m[35m (0.5ms)[0m  [1m[34mSELECT `ar_internal_metadata`.`value` FROM `ar_internal_metadata` WHERE `ar_internal_metadata`.`key` = 'environment'[0m
  ↳ /home/eduardoalmeida/.rvm/gems/ruby-2.5.1@angular/bin/rake:23
  [1m[35m (0.3ms)[0m  [1m[35mSET NAMES utf8,  @@SESSION.sql_mode = CONCAT(CONCAT(@@sql_mode, ',STRICT_ALL_TABLES'), ',NO_AUTO_VALUE_ON_ZERO'),  @@SESSION.sql_auto_is_null = 0, @@SESSION.wait_timeout = 2147483[0m
  ↳ /home/eduardoalmeida/.rvm/gems/ruby-2.5.1@angular/bin/rake:23
  [1m[35m (99.1ms)[0m  [1m[35mDROP DATABASE IF EXISTS `task-manager-api_test`[0m
  ↳ /home/eduardoalmeida/.rvm/gems/ruby-2.5.1@angular/bin/rake:23
  [1m[35m (16.2ms)[0m  [1m[35mCREATE DATABASE `task-manager-api_test` DEFAULT CHARACTER SET `utf8`[0m
  ↳ /home/eduardoalmeida/.rvm/gems/ruby-2.5.1@angular/bin/rake:23
  [1m[35m (0.5ms)[0m  [1m[35mSET NAMES utf8,  @@SESSION.sql_mode = CONCAT(CONCAT(@@sql_mode, ',STRICT_ALL_TABLES'), ',NO_AUTO_VALUE_ON_ZERO'),  @@SESSION.sql_auto_is_null = 0, @@SESSION.wait_timeout = 2147483[0m
  ↳ /home/eduardoalmeida/.rvm/gems/ruby-2.5.1@angular/bin/rake:23
  [1m[35m (0.5ms)[0m  [1m[35mSET NAMES utf8,  @@SESSION.sql_mode = CONCAT(CONCAT(@@sql_mode, ',STRICT_ALL_TABLES'), ',NO_AUTO_VALUE_ON_ZERO'),  @@SESSION.sql_auto_is_null = 0, @@SESSION.wait_timeout = 2147483[0m
  ↳ db/schema.rb:15
  [1m[35m (8.7ms)[0m  [1m[35mDROP TABLE IF EXISTS `usuarios` CASCADE[0m
  ↳ db/schema.rb:15
  [1m[35m (100.4ms)[0m  [1m[35mCREATE TABLE `usuarios` (`id` bigint NOT NULL AUTO_INCREMENT PRIMARY KEY, `email` varchar(255) DEFAULT '' NOT NULL, `encrypted_password` varchar(255) DEFAULT '' NOT NULL, `reset_password_token` varchar(255), `reset_password_sent_at` datetime, `remember_created_at` datetime, `created_at` datetime NOT NULL, `updated_at` datetime NOT NULL, UNIQUE INDEX `index_usuarios_on_email`  (`email`), UNIQUE INDEX `index_usuarios_on_reset_password_token`  (`reset_password_token`)) ENGINE=InnoDB DEFAULT CHARSET=utf8mb3[0m
  ↳ db/schema.rb:15
  [1m[35m (71.7ms)[0m  [1m[35mCREATE TABLE `schema_migrations` (`version` varchar(255) NOT NULL PRIMARY KEY)[0m
  ↳ db/schema.rb:13
  [1m[35m (1.7ms)[0m  [1m[34mSELECT `schema_migrations`.`version` FROM `schema_migrations` ORDER BY `schema_migrations`.`version` ASC[0m
  ↳ db/schema.rb:13
  [1m[35m (11.0ms)[0m  [1m[32mINSERT INTO `schema_migrations` (version) VALUES (20230404194329)[0m
  ↳ db/schema.rb:13
  [1m[35m (64.0ms)[0m  [1m[35mCREATE TABLE `ar_internal_metadata` (`key` varchar(255) NOT NULL PRIMARY KEY, `value` varchar(255), `created_at` datetime NOT NULL, `updated_at` datetime NOT NULL)[0m
  ↳ db/schema.rb:13
  [1m[36mActiveRecord::InternalMetadata Load (1.9ms)[0m  [1m[34mSELECT  `ar_internal_metadata`.* FROM `ar_internal_metadata` WHERE `ar_internal_metadata`.`key` = 'environment' LIMIT 1[0m
  ↳ db/schema.rb:13
  [1m[35m (0.4ms)[0m  [1m[35mBEGIN[0m
  ↳ db/schema.rb:13
  [1m[36mActiveRecord::InternalMetadata Create (0.6ms)[0m  [1m[32mINSERT INTO `ar_internal_metadata` (`key`, `value`, `created_at`, `updated_at`) VALUES ('environment', 'development', '2023-04-04 20:18:46', '2023-04-04 20:18:46')[0m
  ↳ db/schema.rb:13
  [1m[35m (11.3ms)[0m  [1m[35mCOMMIT[0m
  ↳ db/schema.rb:13
  [1m[36mActiveRecord::InternalMetadata Load (0.5ms)[0m  [1m[34mSELECT  `ar_internal_metadata`.* FROM `ar_internal_metadata` WHERE `ar_internal_metadata`.`key` = 'environment' LIMIT 1[0m
  ↳ /home/eduardoalmeida/.rvm/gems/ruby-2.5.1@angular/bin/rake:23
  [1m[35m (0.3ms)[0m  [1m[35mBEGIN[0m
  ↳ /home/eduardoalmeida/.rvm/gems/ruby-2.5.1@angular/bin/rake:23
  [1m[36mActiveRecord::InternalMetadata Update (0.6ms)[0m  [1m[33mUPDATE `ar_internal_metadata` SET `value` = 'test' WHERE `ar_internal_metadata`.`key` = 'environment'[0m
  ↳ /home/eduardoalmeida/.rvm/gems/ruby-2.5.1@angular/bin/rake:23
  [1m[35m (25.6ms)[0m  [1m[35mCOMMIT[0m
  ↳ /home/eduardoalmeida/.rvm/gems/ruby-2.5.1@angular/bin/rake:23
  [1m[35m (0.4ms)[0m  [1m[35mSET NAMES utf8,  @@SESSION.sql_mode = CONCAT(CONCAT(@@sql_mode, ',STRICT_ALL_TABLES'), ',NO_AUTO_VALUE_ON_ZERO'),  @@SESSION.sql_auto_is_null = 0, @@SESSION.wait_timeout = 2147483[0m
  ↳ /home/eduardoalmeida/.rvm/gems/ruby-2.5.1@angular/bin/rake:23
  [1m[35m (0.3ms)[0m  [1m[34mSELECT `schema_migrations`.`version` FROM `schema_migrations` ORDER BY `schema_migrations`.`version` ASC[0m
  ↳ /home/eduardoalmeida/.rvm/gems/ruby-2.5.1@angular/bin/rake:23
  [1m[35m (0.4ms)[0m  [1m[34mSELECT `ar_internal_metadata`.`value` FROM `ar_internal_metadata` WHERE `ar_internal_metadata`.`key` = 'environment'[0m
  ↳ /home/eduardoalmeida/.rvm/gems/ruby-2.5.1@angular/bin/rake:23
  [1m[35m (0.2ms)[0m  [1m[34mSELECT `schema_migrations`.`version` FROM `schema_migrations` ORDER BY `schema_migrations`.`version` ASC[0m
  ↳ /home/eduardoalmeida/.rvm/gems/ruby-2.5.1@angular/bin/rake:23
  [1m[35m (0.3ms)[0m  [1m[34mSELECT `ar_internal_metadata`.`value` FROM `ar_internal_metadata` WHERE `ar_internal_metadata`.`key` = 'environment'[0m
  ↳ /home/eduardoalmeida/.rvm/gems/ruby-2.5.1@angular/bin/rake:23
  [1m[35m (0.3ms)[0m  [1m[34mSELECT `schema_migrations`.`version` FROM `schema_migrations` ORDER BY `schema_migrations`.`version` ASC[0m
  ↳ /home/eduardoalmeida/.rvm/gems/ruby-2.5.1@angular/bin/rake:23
  [1m[35m (0.5ms)[0m  [1m[34mSELECT `ar_internal_metadata`.`value` FROM `ar_internal_metadata` WHERE `ar_internal_metadata`.`key` = 'environment'[0m
  ↳ /home/eduardoalmeida/.rvm/gems/ruby-2.5.1@angular/bin/rake:23
  [1m[35m (0.3ms)[0m  [1m[35mSET NAMES utf8,  @@SESSION.sql_mode = CONCAT(CONCAT(@@sql_mode, ',STRICT_ALL_TABLES'), ',NO_AUTO_VALUE_ON_ZERO'),  @@SESSION.sql_auto_is_null = 0, @@SESSION.wait_timeout = 2147483[0m
  ↳ /home/eduardoalmeida/.rvm/gems/ruby-2.5.1@angular/bin/rake:23
  [1m[35m (91.9ms)[0m  [1m[35mDROP DATABASE IF EXISTS `task-manager-api_test`[0m
  ↳ /home/eduardoalmeida/.rvm/gems/ruby-2.5.1@angular/bin/rake:23
  [1m[35m (15.2ms)[0m  [1m[35mCREATE DATABASE `task-manager-api_test` DEFAULT CHARACTER SET `utf8`[0m
  ↳ /home/eduardoalmeida/.rvm/gems/ruby-2.5.1@angular/bin/rake:23
  [1m[35m (0.4ms)[0m  [1m[35mSET NAMES utf8,  @@SESSION.sql_mode = CONCAT(CONCAT(@@sql_mode, ',STRICT_ALL_TABLES'), ',NO_AUTO_VALUE_ON_ZERO'),  @@SESSION.sql_auto_is_null = 0, @@SESSION.wait_timeout = 2147483[0m
  ↳ /home/eduardoalmeida/.rvm/gems/ruby-2.5.1@angular/bin/rake:23
  [1m[35m (0.4ms)[0m  [1m[35mSET NAMES utf8,  @@SESSION.sql_mode = CONCAT(CONCAT(@@sql_mode, ',STRICT_ALL_TABLES'), ',NO_AUTO_VALUE_ON_ZERO'),  @@SESSION.sql_auto_is_null = 0, @@SESSION.wait_timeout = 2147483[0m
  ↳ /home/eduardoalmeida/.rvm/gems/ruby-2.5.1@angular/bin/rake:23
  [1m[35m (0.5ms)[0m  [1m[35mCREATE DATABASE `task-manager-api_development` DEFAULT CHARACTER SET `utf8`[0m
  ↳ /home/eduardoalmeida/.rvm/gems/ruby-2.5.1@angular/bin/rake:23
  [1m[35m (0.4ms)[0m  [1m[35mSET NAMES utf8,  @@SESSION.sql_mode = CONCAT(CONCAT(@@sql_mode, ',STRICT_ALL_TABLES'), ',NO_AUTO_VALUE_ON_ZERO'),  @@SESSION.sql_auto_is_null = 0, @@SESSION.wait_timeout = 2147483[0m
  ↳ /home/eduardoalmeida/.rvm/gems/ruby-2.5.1@angular/bin/rake:23
  [1m[35m (0.5ms)[0m  [1m[35mCREATE DATABASE `task-manager-api_test` DEFAULT CHARACTER SET `utf8`[0m
  ↳ /home/eduardoalmeida/.rvm/gems/ruby-2.5.1@angular/bin/rake:23
  [1m[35m (0.6ms)[0m  [1m[35mSET NAMES utf8,  @@SESSION.sql_mode = CONCAT(CONCAT(@@sql_mode, ',STRICT_ALL_TABLES'), ',NO_AUTO_VALUE_ON_ZERO'),  @@SESSION.sql_auto_is_null = 0, @@SESSION.wait_timeout = 2147483[0m
  ↳ /home/eduardoalmeida/.rvm/gems/ruby-2.5.1@angular/bin/rake:23
  [1m[35m (0.2ms)[0m  [1m[34mSELECT GET_LOCK('6102324819594780000', 0)[0m
  ↳ /home/eduardoalmeida/.rvm/gems/ruby-2.5.1@angular/bin/rake:23
  [1m[35m (0.8ms)[0m  [1m[34mSELECT `schema_migrations`.`version` FROM `schema_migrations` ORDER BY `schema_migrations`.`version` ASC[0m
  ↳ /home/eduardoalmeida/.rvm/gems/ruby-2.5.1@angular/bin/rake:23
  [1m[36mActiveRecord::InternalMetadata Load (0.9ms)[0m  [1m[34mSELECT  `ar_internal_metadata`.* FROM `ar_internal_metadata` WHERE `ar_internal_metadata`.`key` = 'environment' LIMIT 1[0m
  ↳ /home/eduardoalmeida/.rvm/gems/ruby-2.5.1@angular/bin/rake:23
  [1m[35m (0.3ms)[0m  [1m[35mBEGIN[0m
  ↳ /home/eduardoalmeida/.rvm/gems/ruby-2.5.1@angular/bin/rake:23
  [1m[35m (0.3ms)[0m  [1m[35mCOMMIT[0m
  ↳ /home/eduardoalmeida/.rvm/gems/ruby-2.5.1@angular/bin/rake:23
  [1m[35m (0.3ms)[0m  [1m[34mSELECT RELEASE_LOCK('6102324819594780000')[0m
  ↳ /home/eduardoalmeida/.rvm/gems/ruby-2.5.1@angular/bin/rake:23
  [1m[35m (0.4ms)[0m  [1m[34mSELECT `schema_migrations`.`version` FROM `schema_migrations` ORDER BY `schema_migrations`.`version` ASC[0m
  ↳ /home/eduardoalmeida/.rvm/gems/ruby-2.5.1@angular/bin/rake:23
